
GorillaFit: Loading watch - 22/12/2021 22:54:37
GorillaFit: Watch has been instantiated as: YurWatch(Clone) - 22/12/2021 22:54:37
GorillaFit: Parented watch to: hand.L - 22/12/2021 22:54:38
GorillaFit: Watch has been loaded - 22/12/2021 22:54:38
GorillaFit: Added the Watch component - 22/12/2021 22:54:38
GorillaFit: Shortcode: 492796 - 22/12/2021 22:54:38
GorillaFit: Loading watch - 2/2/2022 5:19:03 PM
GorillaFit: Watch has been instantiated as: YurWatch(Clone) - 2/2/2022 5:19:03 PM
GorillaFit: Parented watch to: hand.L - 2/2/2022 5:19:03 PM
GorillaFit: Watch has been loaded - 2/2/2022 5:19:03 PM
GorillaFit: Added the Watch component - 2/2/2022 5:19:03 PM
GorillaFit: Shortcode: 817235 - 2/2/2022 5:19:05 PM
GorillaFit: Loading watch - 2/2/2022 5:28:37 PM
GorillaFit: Watch has been instantiated as: YurWatch(Clone) - 2/2/2022 5:28:37 PM
GorillaFit: Parented watch to: hand.L - 2/2/2022 5:28:37 PM
GorillaFit: Watch has been loaded - 2/2/2022 5:28:37 PM
GorillaFit: Added the Watch component - 2/2/2022 5:28:37 PM
GorillaFit: Shortcode: 409264 - 2/2/2022 5:28:38 PM
GorillaFit: Login failed, please try again - 2/2/2022 5:58:39 PM
GorillaFit: Shortcode: 713457 - 2/2/2022 5:58:40 PM
GorillaFit: Login failed, please try again - 2/2/2022 6:28:41 PM
GorillaFit: Shortcode: 744895 - 2/2/2022 6:28:42 PM
GorillaFit: Login failed, please try again - 2/2/2022 6:58:48 PM
GorillaFit: Shortcode: 836521 - 2/2/2022 6:58:49 PM
GorillaFit: Loading watch - 2/3/2022 4:47:23 PM
GorillaFit: Watch has been instantiated as: YurWatch(Clone) - 2/3/2022 4:47:23 PM
GorillaFit: Parented watch to: hand.L - 2/3/2022 4:47:23 PM
GorillaFit: Watch has been loaded - 2/3/2022 4:47:23 PM
GorillaFit: Added the Watch component - 2/3/2022 4:47:23 PM
GorillaFit: Shortcode: 132921 - 2/3/2022 4:47:24 PM
GorillaFit: Login failed, please try again - 2/3/2022 5:17:28 PM
GorillaFit: Shortcode: 400624 - 2/3/2022 5:17:29 PM
GorillaFit: Loading watch - 2/3/2022 5:27:30 PM
GorillaFit: Watch has been instantiated as: YurWatch(Clone) - 2/3/2022 5:27:30 PM
GorillaFit: Parented watch to: hand.L - 2/3/2022 5:27:30 PM
GorillaFit: Watch has been loaded - 2/3/2022 5:27:30 PM
GorillaFit: Added the Watch component - 2/3/2022 5:27:30 PM
GorillaFit: Shortcode: 162367 - 2/3/2022 5:27:32 PM
GorillaFit: Login failed, please try again - 2/3/2022 5:57:36 PM
GorillaFit: Shortcode: 493280 - 2/3/2022 5:57:37 PM
GorillaFit: Loading watch - 2/4/2022 4:26:32 PM
GorillaFit: Watch has been instantiated as: YurWatch(Clone) - 2/4/2022 4:26:32 PM
GorillaFit: Parented watch to: hand.L - 2/4/2022 4:26:32 PM
GorillaFit: Watch has been loaded - 2/4/2022 4:26:32 PM
GorillaFit: Added the Watch component - 2/4/2022 4:26:32 PM
GorillaFit: Shortcode: 914277 - 2/4/2022 4:26:33 PM
GorillaFit: Login failed, please try again - 2/4/2022 4:56:39 PM
GorillaFit: Shortcode: 675990 - 2/4/2022 4:56:40 PM
GorillaFit: Loading watch - 2/4/2022 5:03:58 PM
GorillaFit: Watch has been instantiated as: YurWatch(Clone) - 2/4/2022 5:03:58 PM
GorillaFit: Parented watch to: hand.L - 2/4/2022 5:03:58 PM
GorillaFit: Watch has been loaded - 2/4/2022 5:03:58 PM
GorillaFit: Added the Watch component - 2/4/2022 5:03:58 PM
GorillaFit: Shortcode: 100870 - 2/4/2022 5:03:59 PM
GorillaFit: Loading watch - 2/4/2022 5:30:23 PM
GorillaFit: Watch has been instantiated as: YurWatch(Clone) - 2/4/2022 5:30:24 PM
GorillaFit: Parented watch to: hand.L - 2/4/2022 5:30:24 PM
GorillaFit: Watch has been loaded - 2/4/2022 5:30:24 PM
GorillaFit: Added the Watch component - 2/4/2022 5:30:24 PM
GorillaFit: Shortcode: 913268 - 2/4/2022 5:30:26 PM
GorillaFit: Loading watch - 2/4/2022 5:52:03 PM
GorillaFit: Watch has been instantiated as: YurWatch(Clone) - 2/4/2022 5:52:03 PM
GorillaFit: Parented watch to: hand.L - 2/4/2022 5:52:03 PM
GorillaFit: Watch has been loaded - 2/4/2022 5:52:03 PM
GorillaFit: Added the Watch component - 2/4/2022 5:52:03 PM
GorillaFit: Shortcode: 179917 - 2/4/2022 5:52:05 PM
GorillaFit: Loading watch - 2/4/2022 5:54:42 PM
GorillaFit: Watch has been instantiated as: YurWatch(Clone) - 2/4/2022 5:54:42 PM
GorillaFit: Parented watch to: hand.L - 2/4/2022 5:54:42 PM
GorillaFit: Watch has been loaded - 2/4/2022 5:54:42 PM
GorillaFit: Added the Watch component - 2/4/2022 5:54:42 PM
GorillaFit: Shortcode: 180368 - 2/4/2022 5:54:44 PM
GorillaFit: Loading watch - 2/4/2022 5:56:49 PM
GorillaFit: Watch has been instantiated as: YurWatch(Clone) - 2/4/2022 5:56:49 PM
GorillaFit: Parented watch to: hand.L - 2/4/2022 5:56:49 PM
GorillaFit: Watch has been loaded - 2/4/2022 5:56:49 PM
GorillaFit: Added the Watch component - 2/4/2022 5:56:49 PM
GorillaFit: Shortcode: 464425 - 2/4/2022 5:56:51 PM
GorillaFit: Login failed, please try again - 2/4/2022 6:26:56 PM
GorillaFit: Shortcode: 232381 - 2/4/2022 6:26:58 PM
GorillaFit: Loading watch - 2/6/2022 4:09:20 PM
GorillaFit: Watch has been instantiated as: YurWatch(Clone) - 2/6/2022 4:09:20 PM
GorillaFit: Parented watch to: hand.L - 2/6/2022 4:09:20 PM
GorillaFit: Watch has been loaded - 2/6/2022 4:09:20 PM
GorillaFit: Added the Watch component - 2/6/2022 4:09:20 PM
GorillaFit: Shortcode: 163050 - 2/6/2022 4:09:22 PM
GorillaFit: Loading watch - 2/6/2022 4:47:00 PM
GorillaFit: Watch has been instantiated as: YurWatch(Clone) - 2/6/2022 4:47:00 PM
GorillaFit: Parented watch to: hand.L - 2/6/2022 4:47:00 PM
GorillaFit: Watch has been loaded - 2/6/2022 4:47:00 PM
GorillaFit: Added the Watch component - 2/6/2022 4:47:00 PM
GorillaFit: Shortcode: 921439 - 2/6/2022 4:47:02 PM